Arguments: 
  C:\Program Files\nodejs\node.exe C:\Users\Abadon\AppData\Roaming\npm\node_modules\yarn\bin\yarn.js install

PATH: 
  C:\Program Files\Git\mingw64\bin;C:\Program Files\Git\usr\bin;C:\Users\Abadon\bin;C:\Program Files\ImageMagick-7.0.8-Q16;C:\WINDOWS\system32;C:\WINDOWS;C:\WINDOWS\System32\Wbem;C:\WINDOWS\System32\WindowsPowerShell\v1.0;C:\Program Files\Git\cmd;C:\WINDOWS\System32\OpenSSH;C:\Program Files (x86)\Brackets\command;C:\Program Files (x86)\Calibre2;C:\Program Files\nodejs;C:\Users\Abadon\AppData\Local\Microsoft\WindowsApps;C:\Users\Abadon\AppData\Local\Programs\Microsoft VS Code\bin;C:\Users\Abadon\AppData\Roaming\npm;C:\Program Files\heroku\bin

Yarn version: 
  1.22.4

Node version: 
  14.16.0

Platform: 
  win32 x64

Trace: 
  SyntaxError: C:\GoIT\nodejs-BC-online-lesson10\gravatar-example\package.json: Unexpected token } in JSON at position 380
      at JSON.parse (<anonymous>)
      at C:\Users\Abadon\AppData\Roaming\npm\node_modules\yarn\lib\cli.js:1625:59
      at Generator.next (<anonymous>)
      at step (C:\Users\Abadon\AppData\Roaming\npm\node_modules\yarn\lib\cli.js:310:30)
      at C:\Users\Abadon\AppData\Roaming\npm\node_modules\yarn\lib\cli.js:321:13

npm manifest: 
  {
    "name": "gravatar-example",
    "version": "1.0.0",
    "description": "",
    "main": "index.js",
    "scripts": {
      "test": "echo \"Error: no test specified\" && exit 1",
      "start": "node app",
      "dev": "nodemon app"
    },
    "keywords": [],
    "author": "",
    "license": "ISC",
    "devDependencies": {
      "nodemon": "^2.0.7"
    },
    "dependencies": {
      "gravatar": "^1.8.1",
    }
  }

yarn manifest: 
  No manifest

Lockfile: 
  No lockfile
